2023-01-03 14:54:44.217   Log opened. (Time zone: UTC+02:00)
2023-01-03 14:54:44.217   Setup version: Inno Setup version 6.0.2 (u)
2023-01-03 14:54:44.217   Original Setup EXE: C:\Users\Dream\AppData\Local\Temp\installer.exe
2023-01-03 14:54:44.217   Setup command line: /SL5="$1304A6,35057151,913408,C:\Users\Dream\AppData\Local\Temp\installer.exe" /VERYSILENT /SUPPRESSMSGBOXES /FORCECLOSEAPPLICATIONS /DIR="C:\Users\Dream\Desktop\ApowerREC" /LANG=Arabic
2023-01-03 14:54:44.217   Windows version: 6.3.9600  (NT platform: Yes)
2023-01-03 14:54:44.217   64-bit Windows: Yes
2023-01-03 14:54:44.217   Processor architecture: x64
2023-01-03 14:54:44.217   User privileges: Administrative
2023-01-03 14:54:44.232   Administrative install mode: Yes
2023-01-03 14:54:44.232   Install mode root key: HKEY_LOCAL_MACHINE
2023-01-03 14:54:44.232   64-bit install mode: No
2023-01-03 14:54:44.232   Created temporary directory: C:\Users\Dream\AppData\Local\Temp\is-GEUI5.tmp
2023-01-03 14:54:44.326   -- DLL function import --
2023-01-03 14:54:44.326   Function name: isxdl_AddFile
2023-01-03 14:54:44.326   DLL name: files:isxdl.dll
2023-01-03 14:54:44.326   Extracting temporary file: C:\Users\Dream\AppData\Local\Temp\is-GEUI5.tmp\isxdl.dll
2023-01-03 14:54:44.436   Dest DLL name: C:\Users\Dream\AppData\Local\Temp\is-GEUI5.tmp\isxdl.dll
2023-01-03 14:54:44.436   Importing the DLL function.
2023-01-03 14:54:44.482   Successfully imported the DLL function. Delay loaded? No
2023-01-03 14:54:44.482   -- DLL function import --
2023-01-03 14:54:44.482   Function name: isxdl_DownloadFiles
2023-01-03 14:54:44.482   DLL name: files:isxdl.dll
2023-01-03 14:54:44.482   Dest DLL name: C:\Users\Dream\AppData\Local\Temp\is-GEUI5.tmp\isxdl.dll
2023-01-03 14:54:44.482   Importing the DLL function.
2023-01-03 14:54:44.482   Successfully imported the DLL function. Delay loaded? No
2023-01-03 14:54:44.482   -- DLL function import --
2023-01-03 14:54:44.482   Function name: isxdl_SetOption
2023-01-03 14:54:44.482   DLL name: files:isxdl.dll
2023-01-03 14:54:44.482   Dest DLL name: C:\Users\Dream\AppData\Local\Temp\is-GEUI5.tmp\isxdl.dll
2023-01-03 14:54:44.482   Importing the DLL function.
2023-01-03 14:54:44.482   Successfully imported the DLL function. Delay loaded? No
2023-01-03 14:54:44.482   -- DLL function import --
2023-01-03 14:54:44.482   Function name: _time32
2023-01-03 14:54:44.482   DLL name: msvcrt.dll
2023-01-03 14:54:44.482   Dest DLL name: msvcrt.dll
2023-01-03 14:54:44.482   Importing the DLL function.
2023-01-03 14:54:44.482   Successfully imported the DLL function. Delay loaded? No
2023-01-03 14:54:44.936   Calling RestartManager's RmGetList.
2023-01-03 14:54:44.936   RmGetList finished successfully.
2023-01-03 14:54:44.936   RestartManager found no applications using one of our files.
2023-01-03 14:54:44.951   Starting the installation process.
2023-01-03 14:54:44.951   Directory for uninstall files: C:\Users\Dream\Desktop\ApowerREC
2023-01-03 14:54:44.951   Creating new uninstall log: C:\Users\Dream\Desktop\ApowerREC\unins000.dat
2023-01-03 14:54:44.951   -- File entry --
2023-01-03 14:54:44.951   Dest filename: C:\Users\Dream\Desktop\ApowerREC\unins000.exe
2023-01-03 14:54:44.967   Time stamp of our file: 2023-01-03 14:54:44.076
2023-01-03 14:54:44.967   Installing the file.
2023-01-03 14:54:45.326   Successfully installed the file.
2023-01-03 14:54:45.326   -- File entry --
2023-01-03 14:54:45.326   Dest filename: C:\Users\Dream\Desktop\ApowerREC\Adorners.dll
2023-01-03 14:54:45.326   Time stamp of our file: 2013-05-28 11:25:42.000
2023-01-03 14:54:45.326   Installing the file.
2023-01-03 14:54:45.342   Successfully installed the file.
2023-01-03 14:54:45.342   -- File entry --
2023-01-03 14:54:45.342   Dest filename: C:\Users\Dream\Desktop\ApowerREC\Aliyun.Log.dll
2023-01-03 14:54:45.342   Time stamp of our file: 2020-05-27 11:06:26.000
2023-01-03 14:54:45.342   Installing the file.
2023-01-03 14:54:45.389   Successfully installed the file.
2023-01-03 14:54:45.389   -- File entry --
2023-01-03 14:54:45.389   Dest filename: C:\Users\Dream\Desktop\ApowerREC\Aliyun.OSS.dll
2023-01-03 14:54:45.389   Time stamp of our file: 2021-02-07 02:23:08.000
2023-01-03 14:54:45.389   Installing the file.
2023-01-03 14:54:45.451   Successfully installed the file.
2023-01-03 14:54:45.451   -- File entry --
2023-01-03 14:54:45.451   Dest filename: C:\Users\Dream\Desktop\ApowerREC\api-ms-win-core-console-l1-1-0.dll
2023-01-03 14:54:45.451   Time stamp of our file: 2022-11-14 11:58:10.000
2023-01-03 14:54:45.451   Installing the file.
2023-01-03 14:54:45.483   Successfully installed the file.
2023-01-03 14:54:45.483   -- File entry --
2023-01-03 14:54:45.483   Dest filename: C:\Users\Dream\Desktop\ApowerREC\api-ms-win-core-datetime-l1-1-0.dll
2023-01-03 14:54:45.483   Time stamp of our file: 2022-11-14 11:58:10.000
2023-01-03 14:54:45.483   Installing the file.
2023-01-03 14:54:45.498   Successfully installed the file.
2023-01-03 14:54:45.498   -- File entry --
2023-01-03 14:54:45.498   Dest filename: C:\Users\Dream\Desktop\ApowerREC\api-ms-win-core-debug-l1-1-0.dll
2023-01-03 14:54:45.498   Time stamp of our file: 2022-11-14 11:58:10.000
2023-01-03 14:54:45.498   Installing the file.
2023-01-03 14:54:45.529   Successfully installed the file.
2023-01-03 14:54:45.529   -- File entry --
2023-01-03 14:54:45.529   Dest filename: C:\Users\Dream\Desktop\ApowerREC\api-ms-win-core-errorhandling-l1-1-0.dll
2023-01-03 14:54:45.529   Time stamp of our file: 2022-11-14 11:58:10.000
2023-01-03 14:54:45.529   Installing the file.
2023-01-03 14:54:45.561   Successfully installed the file.
2023-01-03 14:54:45.561   -- File entry --
2023-01-03 14:54:45.561   Dest filename: C:\Users\Dream\Desktop\ApowerREC\api-ms-win-core-file-l1-1-0.dll
2023-01-03 14:54:45.561   Time stamp of our file: 2022-11-14 11:58:10.000
2023-01-03 14:54:45.561   Installing the file.
2023-01-03 14:54:45.561   Successfully installed the file.
2023-01-03 14:54:45.561   -- File entry --
2023-01-03 14:54:45.561   Dest filename: C:\Users\Dream\Desktop\ApowerREC\api-ms-win-core-file-l1-2-0.dll
2023-01-03 14:54:45.561   Time stamp of our file: 2022-11-14 11:58:10.000
2023-01-03 14:54:45.561   Installing the file.
2023-01-03 14:54:45.576   Successfully installed the file.
2023-01-03 14:54:45.576   -- File entry --
2023-01-03 14:54:45.576   Dest filename: C:\Users\Dream\Desktop\ApowerREC\api-ms-win-core-file-l2-1-0.dll
2023-01-03 14:54:45.576   Time stamp of our file: 2022-11-14 11:58:10.000
2023-01-03 14:54:45.576   Installing the file.
2023-01-03 14:54:45.592   Successfully installed the file.
2023-01-03 14:54:45.592   -- File entry --
2023-01-03 14:54:45.592   Dest filename: C:\Users\Dream\Desktop\ApowerREC\api-ms-win-core-handle-l1-1-0.dll
2023-01-03 14:54:45.592   Time stamp of our file: 2022-11-14 11:58:10.000
2023-01-03 14:54:45.592   Installing the file.
2023-01-03 14:54:45.608   Successfully installed the file.
2023-01-03 14:54:45.608   -- File entry --
2023-01-03 14:54:45.608   Dest filename: C:\Users\Dream\Desktop\ApowerREC\api-ms-win-core-heap-l1-1-0.dll
2023-01-03 14:54:45.608   Time stamp of our file: 2022-11-14 11:58:10.000
2023-01-03 14:54:45.608   Installing the file.
2023-01-03 14:54:45.608   Successfully installed the file.
2023-01-03 14:54:45.608   -- File entry --
2023-01-03 14:54:45.608   Dest filename: C:\Users\Dream\Desktop\ApowerREC\api-ms-win-core-interlocked-l1-1-0.dll
2023-01-03 14:54:45.608   Time stamp of our file: 2022-11-14 11:58:10.000
2023-01-03 14:54:45.608   Installing the file.
2023-01-03 14:54:45.623   Successfully installed the file.
2023-01-03 14:54:45.623   -- File entry --
2023-01-03 14:54:45.623   Dest filename: C:\Users\Dream\Desktop\ApowerREC\api-ms-win-core-libraryloader-l1-1-0.dll
2023-01-03 14:54:45.623   Time stamp of our file: 2022-11-14 11:58:10.000
2023-01-03 14:54:45.623   Installing the file.
2023-01-03 14:54:45.639   Successfully installed the file.
2023-01-03 14:54:45.639   -- File entry --
2023-01-03 14:54:45.639   Dest filename: C:\Users\Dream\Desktop\ApowerREC\api-ms-win-core-localization-l1-2-0.dll
2023-01-03 14:54:45.639   Time stamp of our file: 2022-11-14 11:58:10.000
2023-01-03 14:54:45.639   Installing the file.
2023-01-03 14:54:45.654   Successfully installed the file.
2023-01-03 14:54:45.654   -- File entry --
2023-01-03 14:54:45.654   Dest filename: C:\Users\Dream\Desktop\ApowerREC\api-ms-win-core-memory-l1-1-0.dll
2023-01-03 14:54:45.654   Time stamp of our file: 2022-11-14 11:58:10.000
2023-01-03 14:54:45.654   Installing the file.
2023-01-03 14:54:45.654   Successfully installed the file.
2023-01-03 14:54:45.654   -- File entry --
2023-01-03 14:54:45.654   Dest filename: C:\Users\Dream\Desktop\ApowerREC\api-ms-win-core-namedpipe-l1-1-0.dll
2023-01-03 14:54:45.654   Time stamp of our file: 2022-11-14 11:58:10.000
2023-01-03 14:54:45.654   Installing the file.
2023-01-03 14:54:45.670   Successfully installed the file.
2023-01-03 14:54:45.670   -- File entry --
2023-01-03 14:54:45.670   Dest filename: C:\Users\Dream\Desktop\ApowerREC\api-ms-win-core-processenvironment-l1-1-0.dll
2023-01-03 14:54:45.670   Time stamp of our file: 2022-11-14 11:58:10.000
2023-01-03 14:54:45.670   Installing the file.
2023-01-03 14:54:45.686   Successfully installed the file.
2023-01-03 14:54:45.686   -- File entry --
2023-01-03 14:54:45.686   Dest filename: C:\Users\Dream\Desktop\ApowerREC\api-ms-win-core-processthreads-l1-1-0.dll
2023-01-03 14:54:45.686   Time stamp of our file: 2022-11-14 11:58:10.000
2023-01-03 14:54:45.686   Installing the file.
2023-01-03 14:54:45.701   Successfully installed the file.
2023-01-03 14:54:45.701   -- File entry --
2023-01-03 14:54:45.701   Dest filename: C:\Users\Dream\Desktop\ApowerREC\api-ms-win-core-processthreads-l1-1-1.dll
2023-01-03 14:54:45.701   Time stamp of our file: 2022-11-14 11:58:10.000
2023-01-03 14:54:45.701   Installing the file.
2023-01-03 14:54:45.717   Successfully installed the file.
2023-01-03 14:54:45.717   -- File entry --
2023-01-03 14:54:45.717   Dest filename: C:\Users\Dream\Desktop\ApowerREC\api-ms-win-core-profile-l1-1-0.dll
2023-01-03 14:54:45.717   Time stamp of our file: 2022-11-14 11:58:10.000
2023-01-03 14:54:45.717   Installing the file.
2023-01-03 14:54:45.717   Successfully installed the file.
2023-01-03 14:54:45.717   -- File entry --
2023-01-03 14:54:45.717   Dest filename: C:\Users\Dream\Desktop\ApowerREC\api-ms-win-core-rtlsupport-l1-1-0.dll
2023-01-03 14:54:45.717   Time stamp of our file: 2022-11-14 11:58:10.000
2023-01-03 14:54:45.717   Installing the file.
2023-01-03 14:54:45.733   Successfully installed the file.
2023-01-03 14:54:45.733   -- File entry --
2023-01-03 14:54:45.733   Dest filename: C:\Users\Dream\Desktop\ApowerREC\api-ms-win-core-string-l1-1-0.dll
2023-01-03 14:54:45.733   Time stamp of our file: 2022-11-14 11:58:10.000
2023-01-03 14:54:45.733   Installing the file.
2023-01-03 14:54:45.748   Successfully installed the file.
2023-01-03 14:54:45.748   -- File entry --
2023-01-03 14:54:45.748   Dest filename: C:\Users\Dream\Desktop\ApowerREC\api-ms-win-core-synch-l1-1-0.dll
2023-01-03 14:54:45.748   Time stamp of our file: 2022-11-14 11:58:10.000
2023-01-03 14:54:45.748   Installing the file.
2023-01-03 14:54:45.764   Successfully installed the file.
2023-01-03 14:54:45.764   -- File entry --
2023-01-03 14:54:45.764   Dest filename: C:\Users\Dream\Desktop\ApowerREC\api-ms-win-core-synch-l1-2-0.dll
2023-01-03 14:54:45.764   Time stamp of our file: 2022-11-14 11:58:10.000
2023-01-03 14:54:45.764   Installing the file.
2023-01-03 14:54:45.764   Successfully installed the file.
2023-01-03 14:54:45.764   -- File entry --
2023-01-03 14:54:45.764   Dest filename: C:\Users\Dream\Desktop\ApowerREC\api-ms-win-core-sysinfo-l1-1-0.dll
2023-01-03 14:54:45.764   Time stamp of our file: 2022-11-14 11:58:10.000
2023-01-03 14:54:45.764   Installing the file.
2023-01-03 14:54:45.779   Successfully installed the file.
2023-01-03 14:54:45.779   -- File entry --
2023-01-03 14:54:45.779   Dest filename: C:\Users\Dream\Desktop\ApowerREC\api-ms-win-core-timezone-l1-1-0.dll
2023-01-03 14:54:45.779   Time stamp of our file: 2022-11-14 11:58:10.000
2023-01-03 14:54:45.779   Installing the file.
2023-01-03 14:54:45.795   Successfully installed the file.
2023-01-03 14:54:45.795   -- File entry --
2023-01-03 14:54:45.795   Dest filename: C:\Users\Dream\Desktop\ApowerREC\api-ms-win-core-util-l1-1-0.dll
2023-01-03 14:54:45.795   Time stamp of our file: 2022-11-14 11:58:10.000
2023-01-03 14:54:45.795   Installing the file.
2023-01-03 14:54:45.811   Successfully installed the file.
2023-01-03 14:54:45.811   -- File entry --
2023-01-03 14:54:45.811   Dest filename: C:\Users\Dream\Desktop\ApowerREC\api-ms-win-core-xstate-l2-1-0.dll
2023-01-03 14:54:45.811   Time stamp of our file: 2022-11-14 11:58:10.000
2023-01-03 14:54:45.811   Installing the file.
2023-01-03 14:54:45.811   Successfully installed the file.
2023-01-03 14:54:45.811   -- File entry --
2023-01-03 14:54:45.811   Dest filename: C:\Users\Dream\Desktop\ApowerREC\api-ms-win-crt-conio-l1-1-0.dll
2023-01-03 14:54:45.811   Time stamp of our file: 2022-11-14 11:58:10.000
2023-01-03 14:54:45.811   Installing the file.
2023-01-03 14:54:45.826   Successfully installed the file.
2023-01-03 14:54:45.826   -- File entry --
2023-01-03 14:54:45.826   Dest filename: C:\Users\Dream\Desktop\ApowerREC\api-ms-win-crt-convert-l1-1-0.dll
2023-01-03 14:54:45.826   Time stamp of our file: 2022-11-14 11:58:10.000
2023-01-03 14:54:45.826   Installing the file.
2023-01-03 14:54:45.842   Successfully installed the file.
2023-01-03 14:54:45.842   -- File entry --
2023-01-03 14:54:45.842   Dest filename: C:\Users\Dream\Desktop\ApowerREC\api-ms-win-crt-environment-l1-1-0.dll
2023-01-03 14:54:45.842   Time stamp of our file: 2022-11-14 11:58:10.000
2023-01-03 14:54:45.842   Installing the file.
2023-01-03 14:54:45.858   Successfully installed the file.
2023-01-03 14:54:45.858   -- File entry --
2023-01-03 14:54:45.858   Dest filename: C:\Users\Dream\Desktop\ApowerREC\api-ms-win-crt-filesystem-l1-1-0.dll
2023-01-03 14:54:45.858   Time stamp of our file: 2022-11-14 11:58:10.000
2023-01-03 14:54:45.858   Installing the file.
2023-01-03 14:54:45.858   Successfully installed the file.
2023-01-03 14:54:45.858   -- File entry --
2023-01-03 14:54:45.858   Dest filename: C:\Users\Dream\Desktop\ApowerREC\api-ms-win-crt-heap-l1-1-0.dll
2023-01-03 14:54:45.858   Time stamp of our file: 2022-11-14 11:58:10.000
2023-01-03 14:54:45.858   Installing the file.
2023-01-03 14:54:45.873   Successfully installed the file.
2023-01-03 14:54:45.873   -- File entry --
2023-01-03 14:54:45.873   Dest filename: C:\Users\Dream\Desktop\ApowerREC\api-ms-win-crt-locale-l1-1-0.dll
2023-01-03 14:54:45.873   Time stamp of our file: 2022-11-14 11:58:10.000
2023-01-03 14:54:45.873   Installing the file.
2023-01-03 14:54:45.889   Successfully installed the file.
2023-01-03 14:54:45.889   -- File entry --
2023-01-03 14:54:45.889   Dest filename: C:\Users\Dream\Desktop\ApowerREC\api-ms-win-crt-math-l1-1-0.dll
2023-01-03 14:54:45.889   Time stamp of our file: 2022-11-14 11:58:10.000
2023-01-03 14:54:45.889   Installing the file.
2023-01-03 14:54:45.904   Successfully installed the file.
2023-01-03 14:54:45.904   -- File entry --
2023-01-03 14:54:45.904   Dest filename: C:\Users\Dream\Desktop\ApowerREC\api-ms-win-crt-multibyte-l1-1-0.dll
2023-01-03 14:54:45.904   Time stamp of our file: 2022-11-14 11:58:10.000
2023-01-03 14:54:45.904   Installing the file.
2023-01-03 14:54:45.904   Successfully installed the file.
2023-01-03 14:54:45.904   -- File entry --
2023-01-03 14:54:45.904   Dest filename: C:\Users\Dream\Desktop\ApowerREC\api-ms-win-crt-private-l1-1-0.dll
2023-01-03 14:54:45.904   Time stamp of our file: 2022-11-14 11:58:10.000
2023-01-03 14:54:45.904   Installing the file.
2023-01-03 14:54:45.936   Successfully installed the file.
2023-01-03 14:54:45.936   -- File entry --
2023-01-03 14:54:45.936   Dest filename: C:\Users\Dream\Desktop\ApowerREC\api-ms-win-crt-process-l1-1-0.dll
2023-01-03 14:54:45.936   Time stamp of our file: 2022-11-14 11:58:10.000
2023-01-03 14:54:45.936   Installing the file.
2023-01-03 14:54:45.936   Successfully installed the file.
2023-01-03 14:54:45.936   -- File entry --
2023-01-03 14:54:45.936   Dest filename: C:\Users\Dream\Desktop\ApowerREC\api-ms-win-crt-runtime-l1-1-0.dll
2023-01-03 14:54:45.936   Time stamp of our file: 2022-11-14 11:58:10.000
2023-01-03 14:54:45.936   Installing the file.
2023-01-03 14:54:45.951   Successfully installed the file.
2023-01-03 14:54:45.951   -- File entry --
2023-01-03 14:54:45.951   Dest filename: C:\Users\Dream\Desktop\ApowerREC\api-ms-win-crt-stdio-l1-1-0.dll
2023-01-03 14:54:45.951   Time stamp of our file: 2022-11-14 11:58:10.000
2023-01-03 14:54:45.951   Installing the file.
2023-01-03 14:54:45.967   Successfully installed the file.
2023-01-03 14:54:45.967   -- File entry --
2023-01-03 14:54:45.967   Dest filename: C:\Users\Dream\Desktop\ApowerREC\api-ms-win-crt-string-l1-1-0.dll
2023-01-03 14:54:45.967   Time stamp of our file: 2022-11-14 11:58:10.000
2023-01-03 14:54:45.967   Installing the file.
2023-01-03 14:54:45.983   Successfully installed the file.
2023-01-03 14:54:45.983   -- File entry --
2023-01-03 14:54:45.983   Dest filename: C:\Users\Dream\Desktop\ApowerREC\api-ms-win-crt-time-l1-1-0.dll
2023-01-03 14:54:45.983   Time stamp of our file: 2022-11-14 11:58:10.000
2023-01-03 14:54:45.983   Installing the file.
2023-01-03 14:54:45.998   Successfully installed the file.
2023-01-03 14:54:45.998   -- File entry --
2023-01-03 14:54:45.998   Dest filename: C:\Users\Dream\Desktop\ApowerREC\api-ms-win-crt-utility-l1-1-0.dll
2023-01-03 14:54:45.998   Time stamp of our file: 2022-11-14 11:58:10.000
2023-01-03 14:54:45.998   Installing the file.
2023-01-03 14:54:46.014   Successfully installed the file.
2023-01-03 14:54:46.014   -- File entry --
2023-01-03 14:54:46.014   Dest filename: C:\Users\Dream\Desktop\ApowerREC\api-ms-win-eventing-provider-l1-1-0.dll
2023-01-03 14:54:46.014   Time stamp of our file: 2022-11-14 11:58:10.000
2023-01-03 14:54:46.014   Installing the file.
2023-01-03 14:54:46.045   Successfully installed the file.
2023-01-03 14:54:46.045   -- File entry --
2023-01-03 14:54:46.045   Dest filename: C:\Users\Dream\Desktop\ApowerREC\apisetschema.dll
2023-01-03 14:54:46.045   Time stamp of our file: 2022-11-14 11:58:10.000
2023-01-03 14:54:46.045   Installing the file.
2023-01-03 14:54:46.045   Successfully installed the file.
2023-01-03 14:54:46.045   -- File entry --
2023-01-03 14:54:46.045   Dest filename: C:\Users\Dream\Desktop\ApowerREC\ApowerREC.exe
2023-01-03 14:54:46.045   Time stamp of our file: 2022-11-16 14:00:48.000
2023-01-03 14:54:46.045   Installing the file.
2023-01-03 14:54:47.577   Successfully installed the file.
2023-01-03 14:54:47.577   -- File entry --
2023-01-03 14:54:47.577   Dest filename: C:\Users\Dream\Desktop\ApowerREC\ApowerREC.exe.config
2023-01-03 14:54:47.577   Time stamp of our file: 2020-05-27 11:06:28.000
2023-01-03 14:54:47.577   Installing the file.
2023-01-03 14:54:47.577   Successfully installed the file.
2023-01-03 14:54:47.577   -- File entry --
2023-01-03 14:54:47.577   Dest filename: C:\Users\Dream\Desktop\ApowerREC\Apowersoft.CommUtilities.Base.V2.dll
2023-01-03 14:54:47.577   Time stamp of our file: 2022-11-14 11:58:08.000
2023-01-03 14:54:47.577   Installing the file.
2023-01-03 14:54:47.592   Successfully installed the file.
2023-01-03 14:54:47.592   -- File entry --
2023-01-03 14:54:47.592   Dest filename: C:\Users\Dream\Desktop\ApowerREC\Apowersoft.CommUtilities.dll
2023-01-03 14:54:47.592   Time stamp of our file: 2022-11-14 11:58:08.000
2023-01-03 14:54:47.592   Installing the file.
2023-01-03 14:54:47.842   Successfully installed the file.
2023-01-03 14:54:47.842   -- File entry --
2023-01-03 14:54:47.842   Dest filename: C:\Users\Dream\Desktop\ApowerREC\Apowersoft.CommUtilities.Native-4.0.dll
2023-01-03 14:54:47.842   Time stamp of our file: 2022-09-13 15:41:54.000
2023-01-03 14:54:47.842   Installing the file.
2023-01-03 14:54:48.077   Successfully installed the file.
2023-01-03 14:54:48.077   -- File entry --
2023-01-03 14:54:48.077   Dest filename: C:\Users\Dream\Desktop\ApowerREC\Apowersoft.CommUtilities.Native.dll
2023-01-03 14:54:48.077   Time stamp of our file: 2022-11-14 11:58:08.000
2023-01-03 14:54:48.077   Installing the file.
2023-01-03 14:54:48.264   Successfully installed the file.
2023-01-03 14:54:48.264   -- File entry --
2023-01-03 14:54:48.264   Dest filename: C:\Users\Dream\Desktop\ApowerREC\Apowersoft.Commutilities.Services.Base.dll
2023-01-03 14:54:48.264   Time stamp of our file: 2022-08-12 06:01:16.000
2023-01-03 14:54:48.264   Installing the file.
2023-01-03 14:54:48.295   Successfully installed the file.
2023-01-03 14:54:48.295   -- File entry --
2023-01-03 14:54:48.295   Dest filename: C:\Users\Dream\Desktop\ApowerREC\Apowersoft.Commutilities.Services.Http.dll
2023-01-03 14:54:48.295   Time stamp of our file: 2022-08-23 10:18:32.000
2023-01-03 14:54:48.295   Installing the file.
2023-01-03 14:54:48.311   Successfully installed the file.
2023-01-03 14:54:48.311   -- File entry --
2023-01-03 14:54:48.311   Dest filename: C:\Users\Dream\Desktop\ApowerREC\Apowersoft.Commutilities.Services.Oss.dll
2023-01-03 14:54:48.311   Time stamp of our file: 2022-09-30 06:18:32.000
2023-01-03 14:54:48.311   Installing the file.
2023-01-03 14:54:48.342   Successfully installed the file.
2023-01-03 14:54:48.342   -- File entry --
2023-01-03 14:54:48.342   Dest filename: C:\Users\Dream\Desktop\ApowerREC\Apowersoft.CommUtilities.Services.RecCloud.dll
2023-01-03 14:54:48.342   Time stamp of our file: 2022-11-14 11:58:08.000
2023-01-03 14:54:48.342   Installing the file.
2023-01-03 14:54:48.358   Successfully installed the file.
2023-01-03 14:54:48.358   -- File entry --
2023-01-03 14:54:48.358   Dest filename: C:\Users\Dream\Desktop\ApowerREC\Apowersoft.Net.Upload.dll
2023-01-03 14:54:48.358   Time stamp of our file: 2022-09-13 14:55:38.000
2023-01-03 14:54:48.358   Installing the file.
2023-01-03 14:54:48.436   Successfully installed the file.
2023-01-03 14:54:48.436   -- File entry --
2023-01-03 14:54:48.436   Dest filename: C:\Users\Dream\Desktop\ApowerREC\Apowersoft.UI.Prompts.dll
2023-01-03 14:54:48.436   Time stamp of our file: 2020-05-27 11:06:26.000
2023-01-03 14:54:48.436   Installing the file.
2023-01-03 14:54:48.452   Successfully installed the file.
2023-01-03 14:54:48.452   -- File entry --
2023-01-03 14:54:48.452   Dest filename: C:\Users\Dream\Desktop\ApowerREC\Apowersoft.Utils.Imaging.dll
2023-01-03 14:54:48.452   Time stamp of our file: 2022-11-16 14:00:10.000
2023-01-03 14:54:48.452   Installing the file.
2023-01-03 14:54:48.483   Successfully installed the file.
2023-01-03 14:54:48.483   -- File entry --
2023-01-03 14:54:48.483   Dest filename: C:\Users\Dream\Desktop\ApowerREC\Apowersoft.Utils.MouseHook.dll
2023-01-03 14:54:48.483   Time stamp of our file: 2020-05-27 11:06:26.000
2023-01-03 14:54:48.483   Installing the file.
2023-01-03 14:54:48.499   Successfully installed the file.
2023-01-03 14:54:48.499   -- File entry --
2023-01-03 14:54:48.499   Dest filename: C:\Users\Dream\Desktop\ApowerREC\Apowersoft.Utils.Record.dll
2023-01-03 14:54:48.499   Time stamp of our file: 2022-11-16 14:01:20.000
2023-01-03 14:54:48.499   Installing the file.
2023-01-03 14:54:48.545   Successfully installed the file.
2023-01-03 14:54:48.545   -- File entry --
2023-01-03 14:54:48.545   Dest filename: C:\Users\Dream\Desktop\ApowerREC\Apowersoft.Utils.ScreenshotLight.dll
2023-01-03 14:54:48.545   Time stamp of our file: 2022-11-16 14:00:22.000
2023-01-03 14:54:48.545   Installing the file.
2023-01-03 14:54:48.751   Successfully installed the file.
2023-01-03 14:54:48.767   -- File entry --
2023-01-03 14:54:48.767   Dest filename: C:\Users\Dream\Desktop\ApowerREC\Apowersoft.Utils.WinAPI.dll
2023-01-03 14:54:48.767   Time stamp of our file: 2022-11-16 14:00:06.000
2023-01-03 14:54:48.767   Installing the file.
2023-01-03 14:54:48.783   Successfully installed the file.
2023-01-03 14:54:48.783   -- File entry --
2023-01-03 14:54:48.783   Dest filename: C:\Users\Dream\Desktop\ApowerREC\avcodec-58.dll
2023-01-03 14:54:48.783   Time stamp of our file: 2022-11-16 14:01:26.000
2023-01-03 14:54:48.783   Installing the file.
2023-01-03 14:54:51.564   Successfully installed the file.
2023-01-03 14:54:51.564   -- File entry --
2023-01-03 14:54:51.564   Dest filename: C:\Users\Dream\Desktop\ApowerREC\avformat-58.dll
2023-01-03 14:54:51.564   Time stamp of our file: 2022-11-16 14:01:22.000
2023-01-03 14:54:51.564   Installing the file.
2023-01-03 14:54:53.338   Successfully installed the file.
2023-01-03 14:54:53.338   -- File entry --
2023-01-03 14:54:53.338   Dest filename: C:\Users\Dream\Desktop\ApowerREC\avutil-56.dll
2023-01-03 14:54:53.338   Time stamp of our file: 2022-11-14 11:58:10.000
2023-01-03 14:54:53.338   Installing the file.
2023-01-03 14:54:53.435   Successfully installed the file.
2023-01-03 14:54:53.435   -- File entry --
2023-01-03 14:54:53.435   Dest filename: C:\Users\Dream\Desktop\ApowerREC\concrt140.dll
2023-01-03 14:54:53.435   Time stamp of our file: 2022-11-14 11:58:10.000
2023-01-03 14:54:53.435   Installing the file.
2023-01-03 14:54:53.478   Successfully installed the file.
2023-01-03 14:54:53.478   -- File entry --
2023-01-03 14:54:53.478   Dest filename: C:\Users\Dream\Desktop\ApowerREC\D3DCompiler_43.dll
2023-01-03 14:54:53.479   Time stamp of our file: 2020-05-27 11:06:26.000
2023-01-03 14:54:53.479   Installing the file.
2023-01-03 14:54:53.789   Successfully installed the file.
2023-01-03 14:54:53.789   -- File entry --
2023-01-03 14:54:53.789   Dest filename: C:\Users\Dream\Desktop\ApowerREC\d3dx9_43.dll
2023-01-03 14:54:53.789   Time stamp of our file: 2020-05-27 11:06:26.000
2023-01-03 14:54:53.789   Installing the file.
2023-01-03 14:54:53.992   Successfully installed the file.
2023-01-03 14:54:53.992   -- File entry --
2023-01-03 14:54:53.992   Dest filename: C:\Users\Dream\Desktop\ApowerREC\ffmpeg.exe
2023-01-03 14:54:53.992   Time stamp of our file: 2022-11-16 14:01:16.000
2023-01-03 14:54:53.992   Installing the file.
2023-01-03 14:54:54.039   Successfully installed the file.
2023-01-03 14:54:54.039   -- File entry --
2023-01-03 14:54:54.039   Dest filename: C:\Users\Dream\Desktop\ApowerREC\Foxit.dll
2023-01-03 14:54:54.039   Time stamp of our file: 2021-08-12 13:57:32.000
2023-01-03 14:54:54.039   Installing the file.
2023-01-03 14:54:54.070   Successfully installed the file.
2023-01-03 14:54:54.070   -- File entry --
2023-01-03 14:54:54.070   Dest filename: C:\Users\Dream\Desktop\ApowerREC\GalaSoft.MvvmLight.dll
2023-01-03 14:54:54.070   Time stamp of our file: 2016-04-22 16:28:12.000
2023-01-03 14:54:54.070   Installing the file.
2023-01-03 14:54:54.102   Successfully installed the file.
2023-01-03 14:54:54.102   -- File entry --
2023-01-03 14:54:54.102   Dest filename: C:\Users\Dream\Desktop\ApowerREC\GalaSoft.MvvmLight.Extras.dll
2023-01-03 14:54:54.102   Time stamp of our file: 2016-04-22 16:28:12.000
2023-01-03 14:54:54.102   Installing the file.
2023-01-03 14:54:54.117   Successfully installed the file.
2023-01-03 14:54:54.117   -- File entry --
2023-01-03 14:54:54.117   Dest filename: C:\Users\Dream\Desktop\ApowerREC\GalaSoft.MvvmLight.Platform.dll
2023-01-03 14:54:54.117   Time stamp of our file: 2016-04-22 16:28:12.000
2023-01-03 14:54:54.117   Installing the file.
2023-01-03 14:54:54.133   Successfully installed the file.
2023-01-03 14:54:54.133   -- File entry --
2023-01-03 14:54:54.133   Dest filename: C:\Users\Dream\Desktop\ApowerREC\Google.ProtocolBuffers.dll
2023-01-03 14:54:54.133   Time stamp of our file: 2020-05-27 11:06:26.000
2023-01-03 14:54:54.133   Installing the file.
2023-01-03 14:54:54.211   Successfully installed the file.
2023-01-03 14:54:54.211   -- File entry --
2023-01-03 14:54:54.211   Dest filename: C:\Users\Dream\Desktop\ApowerREC\Hardcodet.Wpf.TaskbarNotification.dll
2023-01-03 14:54:54.211   Time stamp of our file: 2022-11-16 14:00:06.000
2023-01-03 14:54:54.211   Installing the file.
2023-01-03 14:54:54.227   Successfully installed the file.
2023-01-03 14:54:54.227   -- File entry --
2023-01-03 14:54:54.227   Dest filename: C:\Users\Dream\Desktop\ApowerREC\help32.dll
2023-01-03 14:54:54.227   Time stamp of our file: 2022-11-16 14:00:56.000
2023-01-03 14:54:54.227   Installing the file.
2023-01-03 14:54:54.367   Successfully installed the file.
2023-01-03 14:54:54.367   -- File entry --
2023-01-03 14:54:54.367   Dest filename: C:\Users\Dream\Desktop\ApowerREC\help64.dll
2023-01-03 14:54:54.367   Time stamp of our file: 2022-11-16 14:00:58.000
2023-01-03 14:54:54.367   Installing the file.
2023-01-03 14:54:54.445   Successfully installed the file.
2023-01-03 14:54:54.445   -- File entry --
2023-01-03 14:54:54.445   Dest filename: C:\Users\Dream\Desktop\ApowerREC\helper32.exe
2023-01-03 14:54:54.445   Time stamp of our file: 2022-11-16 14:01:02.000
2023-01-03 14:54:54.445   Installing the file.
2023-01-03 14:54:54.602   Successfully installed the file.
2023-01-03 14:54:54.602   -- File entry --
2023-01-03 14:54:54.602   Dest filename: C:\Users\Dream\Desktop\ApowerREC\helper64.exe
2023-01-03 14:54:54.602   Time stamp of our file: 2022-11-16 14:01:06.000
2023-01-03 14:54:54.602   Installing the file.
2023-01-03 14:54:54.633   Successfully installed the file.
2023-01-03 14:54:54.633   -- File entry --
2023-01-03 14:54:54.633   Dest filename: C:\Users\Dream\Desktop\ApowerREC\inject.dll
2023-01-03 14:54:54.633   Time stamp of our file: 2022-11-14 11:58:08.000
2023-01-03 14:54:54.633   Installing the file.
2023-01-03 14:54:54.648   Successfully installed the file.
2023-01-03 14:54:54.648   -- File entry --
2023-01-03 14:54:54.648   Dest filename: C:\Users\Dream\Desktop\ApowerREC\Interop.TaskScheduler.dll
2023-01-03 14:54:54.648   Time stamp of our file: 2022-11-14 11:58:08.000
2023-01-03 14:54:54.648   Installing the file.
2023-01-03 14:54:54.664   Successfully installed the file.
2023-01-03 14:54:54.664   -- File entry --
2023-01-03 14:54:54.664   Dest filename: C:\Users\Dream\Desktop\ApowerREC\libffmpeg.dll
2023-01-03 14:54:54.664   Time stamp of our file: 2022-11-14 11:58:10.000
2023-01-03 14:54:54.664   Installing the file.
2023-01-03 14:54:56.992   Successfully installed the file.
2023-01-03 14:54:56.992   -- File entry --
2023-01-03 14:54:56.992   Dest filename: C:\Users\Dream\Desktop\ApowerREC\libpng16.dll
2023-01-03 14:54:56.992   Time stamp of our file: 2022-11-14 11:58:10.000
2023-01-03 14:54:56.992   Installing the file.
2023-01-03 14:54:57.039   Successfully installed the file.
2023-01-03 14:54:57.039   -- File entry --
2023-01-03 14:54:57.039   Dest filename: C:\Users\Dream\Desktop\ApowerREC\libyuv.dll
2023-01-03 14:54:57.039   Time stamp of our file: 2020-05-27 11:06:26.000
2023-01-03 14:54:57.039   Installing the file.
2023-01-03 14:54:57.102   Successfully installed the file.
2023-01-03 14:54:57.102   -- File entry --
2023-01-03 14:54:57.102   Dest filename: C:\Users\Dream\Desktop\ApowerREC\log.xml
2023-01-03 14:54:57.102   Time stamp of our file: 2022-09-13 15:41:56.000
2023-01-03 14:54:57.102   Installing the file.
2023-01-03 14:54:57.117   Successfully installed the file.
2023-01-03 14:54:57.117   -- File entry --
2023-01-03 14:54:57.117   Dest filename: C:\Users\Dream\Desktop\ApowerREC\log4net.dll
2023-01-03 14:54:57.117   Time stamp of our file: 2017-03-08 19:26:22.000
2023-01-03 14:54:57.117   Installing the file.
2023-01-03 14:54:57.196   Successfully installed the file.
2023-01-03 14:54:57.196   -- File entry --
2023-01-03 14:54:57.196   Dest filename: C:\Users\Dream\Desktop\ApowerREC\LZ4Sharp.dll
2023-01-03 14:54:57.196   Time stamp of our file: 2020-05-27 11:06:26.000
2023-01-03 14:54:57.196   Installing the file.
2023-01-03 14:54:57.211   Successfully installed the file.
2023-01-03 14:54:57.211   -- File entry --
2023-01-03 14:54:57.211   Dest filename: C:\Users\Dream\Desktop\ApowerREC\Microsoft.Expression.Interactions.dll
2023-01-03 14:54:57.211   Time stamp of our file: 2021-08-12 13:57:32.000
2023-01-03 14:54:57.211   Installing the file.
2023-01-03 14:54:57.242   Successfully installed the file.
2023-01-03 14:54:57.242   -- File entry --
2023-01-03 14:54:57.242   Dest filename: C:\Users\Dream\Desktop\ApowerREC\Microsoft.Practices.ServiceLocation.dll
2023-01-03 14:54:57.242   Time stamp of our file: 2014-05-05 11:25:44.000
2023-01-03 14:54:57.242   Installing the file.
2023-01-03 14:54:57.258   Successfully installed the file.
2023-01-03 14:54:57.258   -- File entry --
2023-01-03 14:54:57.258   Dest filename: C:\Users\Dream\Desktop\ApowerREC\Microsoft.Win32.TaskScheduler.dll
2023-01-03 14:54:57.258   Time stamp of our file: 2020-05-27 11:06:26.000
2023-01-03 14:54:57.258   Installing the file.
2023-01-03 14:54:57.321   Successfully installed the file.
2023-01-03 14:54:57.321   -- File entry --
2023-01-03 14:54:57.321   Dest filename: C:\Users\Dream\Desktop\ApowerREC\Microsoft.WindowsAPICodePack.dll
2023-01-03 14:54:57.321   Time stamp of our file: 2015-03-23 05:40:52.000
2023-01-03 14:54:57.321   Installing the file.
2023-01-03 14:54:57.352   Successfully installed the file.
2023-01-03 14:54:57.352   -- File entry --
2023-01-03 14:54:57.352   Dest filename: C:\Users\Dream\Desktop\ApowerREC\Microsoft.WindowsAPICodePack.Shell.dll
2023-01-03 14:54:57.352   Time stamp of our file: 2015-03-23 05:54:36.000
2023-01-03 14:54:57.352   Installing the file.
2023-01-03 14:54:57.446   Successfully installed the file.
2023-01-03 14:54:57.446   -- File entry --
2023-01-03 14:54:57.446   Dest filename: C:\Users\Dream\Desktop\ApowerREC\msvcp100.dll
2023-01-03 14:54:57.446   Time stamp of our file: 2022-11-14 11:58:10.000
2023-01-03 14:54:57.446   Installing the file.
2023-01-03 14:54:57.555   Successfully installed the file.
2023-01-03 14:54:57.555   -- File entry --
2023-01-03 14:54:57.555   Dest filename: C:\Users\Dream\Desktop\ApowerREC\msvcp140.dll
2023-01-03 14:54:57.555   Time stamp of our file: 2022-11-14 11:58:10.000
2023-01-03 14:54:57.555   Installing the file.
2023-01-03 14:54:57.664   Successfully installed the file.
2023-01-03 14:54:57.664   -- File entry --
2023-01-03 14:54:57.664   Dest filename: C:\Users\Dream\Desktop\ApowerREC\msvcp60.dll
2023-01-03 14:54:57.664   Time stamp of our file: 2020-05-27 11:06:26.000
2023-01-03 14:54:57.664   Installing the file.
2023-01-03 14:54:57.711   Successfully installed the file.
2023-01-03 14:54:57.711   -- File entry --
2023-01-03 14:54:57.711   Dest filename: C:\Users\Dream\Desktop\ApowerREC\msvcr100.dll
2023-01-03 14:54:57.711   Time stamp of our file: 2020-05-27 11:06:26.000
2023-01-03 14:54:57.711   Installing the file.
2023-01-03 14:54:57.821   Successfully installed the file.
2023-01-03 14:54:57.821   -- File entry --
2023-01-03 14:54:57.821   Dest filename: C:\Users\Dream\Desktop\ApowerREC\MvvmDialogs.dll
2023-01-03 14:54:57.821   Time stamp of our file: 2022-11-16 14:00:06.000
2023-01-03 14:54:57.821   Installing the file.
2023-01-03 14:54:57.852   Successfully installed the file.
2023-01-03 14:54:57.852   -- File entry --
2023-01-03 14:54:57.852   Dest filename: C:\Users\Dream\Desktop\ApowerREC\Newtonsoft.Json.dll
2023-01-03 14:54:57.852   Time stamp of our file: 2020-05-27 11:06:26.000
2023-01-03 14:54:57.852   Installing the file.
2023-01-03 14:54:57.930   Successfully installed the file.
2023-01-03 14:54:57.930   -- File entry --
2023-01-03 14:54:57.930   Dest filename: C:\Users\Dream\Desktop\ApowerREC\PdfSharp.dll
2023-01-03 14:54:57.930   Time stamp of our file: 2020-05-27 11:06:26.000
2023-01-03 14:54:57.930   Installing the file.
2023-01-03 14:54:58.008   Successfully installed the file.
2023-01-03 14:54:58.008   -- File entry --
2023-01-03 14:54:58.008   Dest filename: C:\Users\Dream\Desktop\ApowerREC\pthreadVSE2.dll
2023-01-03 14:54:58.008   Time stamp of our file: 2022-11-14 11:58:10.000
2023-01-03 14:54:58.008   Installing the file.
2023-01-03 14:54:58.102   Successfully installed the file.
2023-01-03 14:54:58.102   -- File entry --
2023-01-03 14:54:58.102   Dest filename: C:\Users\Dream\Desktop\ApowerREC\SetDisplay32.exe
2023-01-03 14:54:58.102   Time stamp of our file: 2022-11-16 14:01:08.000
2023-01-03 14:54:58.102   Installing the file.
2023-01-03 14:54:58.118   Successfully installed the file.
2023-01-03 14:54:58.118   -- File entry --
2023-01-03 14:54:58.118   Dest filename: C:\Users\Dream\Desktop\ApowerREC\SetDisplay32.exe.config
2023-01-03 14:54:58.118   Time stamp of our file: 2022-11-14 11:58:12.000
2023-01-03 14:54:58.118   Installing the file.
2023-01-03 14:54:58.118   Successfully installed the file.
2023-01-03 14:54:58.118   -- File entry --
2023-01-03 14:54:58.118   Dest filename: C:\Users\Dream\Desktop\ApowerREC\SetDisplay64.exe
2023-01-03 14:54:58.118   Time stamp of our file: 2022-11-16 14:01:12.000
2023-01-03 14:54:58.118   Installing the file.
2023-01-03 14:54:58.164   Successfully installed the file.
2023-01-03 14:54:58.164   -- File entry --
2023-01-03 14:54:58.164   Dest filename: C:\Users\Dream\Desktop\ApowerREC\SetDisplay64.exe.config
2023-01-03 14:54:58.164   Time stamp of our file: 2022-11-14 11:58:12.000
2023-01-03 14:54:58.164   Installing the file.
2023-01-03 14:54:58.164   Successfully installed the file.
2023-01-03 14:54:58.164   -- File entry --
2023-01-03 14:54:58.164   Dest filename: C:\Users\Dream\Desktop\ApowerREC\SharpDX.Direct3D9.dll
2023-01-03 14:54:58.164   Time stamp of our file: 2017-05-30 10:03:50.000
2023-01-03 14:54:58.164   Installing the file.
2023-01-03 14:54:58.211   Successfully installed the file.
2023-01-03 14:54:58.211   -- File entry --
2023-01-03 14:54:58.211   Dest filename: C:\Users\Dream\Desktop\ApowerREC\SharpDX.dll
2023-01-03 14:54:58.211   Time stamp of our file: 2017-05-30 10:02:06.000
2023-01-03 14:54:58.211   Installing the file.
2023-01-03 14:54:58.274   Successfully installed the file.
2023-01-03 14:54:58.274   -- File entry --
2023-01-03 14:54:58.274   Dest filename: C:\Users\Dream\Desktop\ApowerREC\SharpDX.Mathematics.dll
2023-01-03 14:54:58.274   Time stamp of our file: 2017-05-30 10:03:04.000
2023-01-03 14:54:58.274   Installing the file.
2023-01-03 14:54:58.305   Successfully installed the file.
2023-01-03 14:54:58.305   -- File entry --
2023-01-03 14:54:58.305   Dest filename: C:\Users\Dream\Desktop\ApowerREC\SharpVectors.Converters.dll
2023-01-03 14:54:58.305   Time stamp of our file: 2013-03-08 17:05:40.000
2023-01-03 14:54:58.305   Installing the file.
2023-01-03 14:54:58.336   Successfully installed the file.
2023-01-03 14:54:58.336   -- File entry --
2023-01-03 14:54:58.336   Dest filename: C:\Users\Dream\Desktop\ApowerREC\SharpVectors.Core.dll
2023-01-03 14:54:58.336   Time stamp of our file: 2013-03-08 17:05:40.000
2023-01-03 14:54:58.336   Installing the file.
2023-01-03 14:54:58.368   Successfully installed the file.
2023-01-03 14:54:58.368   -- File entry --
2023-01-03 14:54:58.368   Dest filename: C:\Users\Dream\Desktop\ApowerREC\SharpVectors.Css.dll
2023-01-03 14:54:58.368   Time stamp of our file: 2013-03-08 17:05:40.000
2023-01-03 14:54:58.368   Installing the file.
2023-01-03 14:54:58.383   Successfully installed the file.
2023-01-03 14:54:58.383   -- File entry --
2023-01-03 14:54:58.383   Dest filename: C:\Users\Dream\Desktop\ApowerREC\SharpVectors.Dom.dll
2023-01-03 14:54:58.383   Time stamp of our file: 2013-03-08 17:05:40.000
2023-01-03 14:54:58.383   Installing the file.
2023-01-03 14:54:58.430   Successfully installed the file.
2023-01-03 14:54:58.430   -- File entry --
2023-01-03 14:54:58.430   Dest filename: C:\Users\Dream\Desktop\ApowerREC\SharpVectors.Model.dll
2023-01-03 14:54:58.430   Time stamp of our file: 2013-03-08 17:05:40.000
2023-01-03 14:54:58.430   Installing the file.
2023-01-03 14:54:58.461   Successfully installed the file.
2023-01-03 14:54:58.461   -- File entry --
2023-01-03 14:54:58.461   Dest filename: C:\Users\Dream\Desktop\ApowerREC\SharpVectors.Rendering.Gdi.dll
2023-01-03 14:54:58.461   Time stamp of our file: 2013-03-08 17:05:40.000
2023-01-03 14:54:58.461   Installing the file.
2023-01-03 14:54:58.493   Successfully installed the file.
2023-01-03 14:54:58.493   -- File entry --
2023-01-03 14:54:58.493   Dest filename: C:\Users\Dream\Desktop\ApowerREC\SharpVectors.Rendering.Wpf.dll
2023-01-03 14:54:58.493   Time stamp of our file: 2013-03-08 17:05:40.000
2023-01-03 14:54:58.493   Installing the file.
2023-01-03 14:54:58.508   Successfully installed the file.
2023-01-03 14:54:58.508   -- File entry --
2023-01-03 14:54:58.508   Dest filename: C:\Users\Dream\Desktop\ApowerREC\SharpVectors.Runtime.dll
2023-01-03 14:54:58.524   Time stamp of our file: 2013-03-08 17:05:40.000
2023-01-03 14:54:58.524   Installing the file.
2023-01-03 14:54:58.539   Successfully installed the file.
2023-01-03 14:54:58.539   -- File entry --
2023-01-03 14:54:58.539   Dest filename: C:\Users\Dream\Desktop\ApowerREC\Splat.dll
2023-01-03 14:54:58.539   Time stamp of our file: 2014-07-25 09:05:10.000
2023-01-03 14:54:58.539   Installing the file.
2023-01-03 14:54:58.563   Successfully installed the file.
2023-01-03 14:54:58.563   -- File entry --
2023-01-03 14:54:58.563   Dest filename: C:\Users\Dream\Desktop\ApowerREC\swresample-3.dll
2023-01-03 14:54:58.563   Time stamp of our file: 2022-11-16 14:01:30.000
2023-01-03 14:54:58.563   Installing the file.
2023-01-03 14:54:58.603   Successfully installed the file.
2023-01-03 14:54:58.603   -- File entry --
2023-01-03 14:54:58.603   Dest filename: C:\Users\Dream\Desktop\ApowerREC\System.Net.FtpClient.dll
2023-01-03 14:54:58.603   Time stamp of our file: 2020-05-27 11:06:26.000
2023-01-03 14:54:58.603   Installing the file.
2023-01-03 14:54:58.618   Successfully installed the file.
2023-01-03 14:54:58.618   -- File entry --
2023-01-03 14:54:58.618   Dest filename: C:\Users\Dream\Desktop\ApowerREC\System.Reactive.Core.dll
2023-01-03 14:54:58.618   Time stamp of our file: 2016-11-21 14:01:42.000
2023-01-03 14:54:58.618   Installing the file.
2023-01-03 14:54:58.649   Successfully installed the file.
2023-01-03 14:54:58.649   -- File entry --
2023-01-03 14:54:58.649   Dest filename: C:\Users\Dream\Desktop\ApowerREC\System.Reactive.Interfaces.dll
2023-01-03 14:54:58.649   Time stamp of our file: 2016-11-21 14:02:06.000
2023-01-03 14:54:58.649   Installing the file.
2023-01-03 14:54:58.665   Successfully installed the file.
2023-01-03 14:54:58.665   -- File entry --
2023-01-03 14:54:58.665   Dest filename: C:\Users\Dream\Desktop\ApowerREC\System.Windows.Interactivity.dll
2023-01-03 14:54:58.665   Time stamp of our file: 2022-09-13 14:55:40.000
2023-01-03 14:54:58.665   Installing the file.
2023-01-03 14:54:58.759   Successfully installed the file.
2023-01-03 14:54:58.759   -- File entry --
2023-01-03 14:54:58.759   Dest filename: C:\Users\Dream\Desktop\ApowerREC\test.mp3
2023-01-03 14:54:58.759   Time stamp of our file: 2022-11-14 11:58:08.000
2023-01-03 14:54:58.759   Installing the file.
2023-01-03 14:54:58.790   Successfully installed the file.
2023-01-03 14:54:58.790   -- File entry --
2023-01-03 14:54:58.790   Dest filename: C:\Users\Dream\Desktop\ApowerREC\turbojpeg.dll
2023-01-03 14:54:58.790   Time stamp of our file: 2022-11-14 11:58:10.000
2023-01-03 14:54:58.790   Installing the file.
2023-01-03 14:54:58.853   Successfully installed the file.
2023-01-03 14:54:58.853   -- File entry --
2023-01-03 14:54:58.853   Dest filename: C:\Users\Dream\Desktop\ApowerREC\ucrtbase.dll
2023-01-03 14:54:58.853   Time stamp of our file: 2022-11-14 11:58:10.000
2023-01-03 14:54:58.853   Installing the file.
2023-01-03 14:54:59.056   Successfully installed the file.
2023-01-03 14:54:59.056   -- File entry --
2023-01-03 14:54:59.056   Dest filename: C:\Users\Dream\Desktop\ApowerREC\vccorlib140.dll
2023-01-03 14:54:59.056   Time stamp of our file: 2022-11-14 11:58:10.000
2023-01-03 14:54:59.056   Installing the file.
2023-01-03 14:54:59.087   Successfully installed the file.
2023-01-03 14:54:59.087   -- File entry --
2023-01-03 14:54:59.087   Dest filename: C:\Users\Dream\Desktop\ApowerREC\vcomp140.dll
2023-01-03 14:54:59.087   Time stamp of our file: 2022-11-14 11:58:10.000
2023-01-03 14:54:59.087   Installing the file.
2023-01-03 14:54:59.134   Successfully installed the file.
2023-01-03 14:54:59.134   -- File entry --
2023-01-03 14:54:59.134   Dest filename: C:\Users\Dream\Desktop\ApowerREC\vcruntime140.dll
2023-01-03 14:54:59.134   Time stamp of our file: 2022-11-14 11:58:10.000
2023-01-03 14:54:59.134   Installing the file.
2023-01-03 14:54:59.165   Successfully installed the file.
2023-01-03 14:54:59.165   -- File entry --
2023-01-03 14:54:59.165   Dest filename: C:\Users\Dream\Desktop\ApowerREC\websocket-sharp.dll
2023-01-03 14:54:59.165   Time stamp of our file: 2021-07-24 16:31:46.000
2023-01-03 14:54:59.165   Installing the file.
2023-01-03 14:54:59.196   Successfully installed the file.
2023-01-03 14:54:59.196   -- File entry --
2023-01-03 14:54:59.196   Dest filename: C:\Users\Dream\Desktop\ApowerREC\WXDXFilter.dll
2023-01-03 14:54:59.196   Time stamp of our file: 2022-10-24 19:30:02.000
2023-01-03 14:54:59.196   Installing the file.
2023-01-03 14:54:59.275   Successfully installed the file.
2023-01-03 14:54:59.275   -- File entry --
2023-01-03 14:54:59.275   Dest filename: C:\Users\Dream\Desktop\ApowerREC\WXMedia.dll
2023-01-03 14:54:59.275   Time stamp of our file: 2022-11-16 14:00:52.000
2023-01-03 14:54:59.275   Installing the file.
2023-01-03 14:54:59.571   Successfully installed the file.
2023-01-03 14:54:59.571   -- File entry --
2023-01-03 14:54:59.571   Dest filename: C:\Users\Dream\Desktop\ApowerREC\Xceed.Wpf.Toolkit.dll
2023-01-03 14:54:59.571   Time stamp of our file: 2022-09-13 14:55:40.000
2023-01-03 14:54:59.571   Installing the file.
2023-01-03 14:54:59.696   Successfully installed the file.
2023-01-03 14:54:59.696   -- File entry --
2023-01-03 14:54:59.696   Dest filename: C:\Users\Dream\Desktop\ApowerREC\zlib1.dll
2023-01-03 14:54:59.696   Time stamp of our file: 2022-11-14 11:58:10.000
2023-01-03 14:54:59.696   Installing the file.
2023-01-03 14:54:59.712   Successfully installed the file.
2023-01-03 14:54:59.712   -- File entry --
2023-01-03 14:54:59.712   Dest filename: C:\Users\Dream\Desktop\ApowerREC\zlog.dll
2023-01-03 14:54:59.712   Time stamp of our file: 2022-11-14 11:58:10.000
2023-01-03 14:54:59.712   Installing the file.
2023-01-03 14:54:59.743   Successfully installed the file.
2023-01-03 14:54:59.743   -- File entry --
2023-01-03 14:54:59.743   Dest filename: C:\Users\Dream\Desktop\ApowerREC\32\inject.dll
2023-01-03 14:54:59.743   Time stamp of our file: 2022-11-14 11:58:08.000
2023-01-03 14:54:59.743   Installing the file.
2023-01-03 14:54:59.743   Creating directory: C:\Users\Dream\Desktop\ApowerREC\32
2023-01-03 14:54:59.759   Successfully installed the file.
2023-01-03 14:54:59.759   -- File entry --
2023-01-03 14:54:59.759   Dest filename: C:\Users\Dream\Desktop\ApowerREC\64\inject.dll
2023-01-03 14:54:59.759   Time stamp of our file: 2022-11-14 11:58:08.000
2023-01-03 14:54:59.759   Installing the file.
2023-01-03 14:54:59.759   Creating directory: C:\Users\Dream\Desktop\ApowerREC\64
2023-01-03 14:54:59.790   Successfully installed the file.
2023-01-03 14:54:59.790   -- File entry --
2023-01-03 14:54:59.790   Dest filename: C:\Users\Dream\Desktop\ApowerREC\Lang\Arabic.xml
2023-01-03 14:54:59.790   Time stamp of our file: 2022-11-14 11:58:10.000
2023-01-03 14:54:59.790   Installing the file.
2023-01-03 14:54:59.790   Creating directory: C:\Users\Dream\Desktop\ApowerREC\Lang
2023-01-03 14:54:59.806   Successfully installed the file.
2023-01-03 14:54:59.806   -- File entry --
2023-01-03 14:54:59.806   Dest filename: C:\Users\Dream\Desktop\ApowerREC\Lang\ChineseSimplified.xml
2023-01-03 14:54:59.806   Time stamp of our file: 2022-11-16 13:37:12.000
2023-01-03 14:54:59.806   Installing the file.
2023-01-03 14:54:59.806   Successfully installed the file.
2023-01-03 14:54:59.806   -- File entry --
2023-01-03 14:54:59.806   Dest filename: C:\Users\Dream\Desktop\ApowerREC\Lang\ChineseTraditional.xml
2023-01-03 14:54:59.806   Time stamp of our file: 2022-11-14 11:58:10.000
2023-01-03 14:54:59.806   Installing the file.
2023-01-03 14:54:59.806   Successfully installed the file.
2023-01-03 14:54:59.806   -- File entry --
2023-01-03 14:54:59.806   Dest filename: C:\Users\Dream\Desktop\ApowerREC\Lang\Czech.xml
2023-01-03 14:54:59.806   Time stamp of our file: 2022-11-14 11:58:10.000
2023-01-03 14:54:59.806   Installing the file.
2023-01-03 14:54:59.821   Successfully installed the file.
2023-01-03 14:54:59.821   -- File entry --
2023-01-03 14:54:59.821   Dest filename: C:\Users\Dream\Desktop\ApowerREC\Lang\Danish.xml
2023-01-03 14:54:59.821   Time stamp of our file: 2022-11-14 11:58:10.000
2023-01-03 14:54:59.821   Installing the file.
2023-01-03 14:54:59.821   Successfully installed the file.
2023-01-03 14:54:59.821   -- File entry --
2023-01-03 14:54:59.821   Dest filename: C:\Users\Dream\Desktop\ApowerREC\Lang\Dutch.xml
2023-01-03 14:54:59.821   Time stamp of our file: 2022-11-14 11:58:10.000
2023-01-03 14:54:59.821   Installing the file.
2023-01-03 14:54:59.837   Successfully installed the file.
2023-01-03 14:54:59.837   -- File entry --
2023-01-03 14:54:59.837   Dest filename: C:\Users\Dream\Desktop\ApowerREC\Lang\English.xml
2023-01-03 14:54:59.837   Time stamp of our file: 2022-11-14 11:58:10.000
2023-01-03 14:54:59.837   Installing the file.
2023-01-03 14:54:59.837   Successfully installed the file.
2023-01-03 14:54:59.837   -- File entry --
2023-01-03 14:54:59.837   Dest filename: C:\Users\Dream\Desktop\ApowerREC\Lang\Finnish.xml
2023-01-03 14:54:59.837   Time stamp of our file: 2022-11-14 11:58:10.000
2023-01-03 14:54:59.837   Installing the file.
2023-01-03 14:54:59.853   Successfully installed the file.
2023-01-03 14:54:59.853   -- File entry --
2023-01-03 14:54:59.853   Dest filename: C:\Users\Dream\Desktop\ApowerREC\Lang\French.xml
2023-01-03 14:54:59.853   Time stamp of our file: 2022-11-14 11:58:10.000
2023-01-03 14:54:59.853   Installing the file.
2023-01-03 14:54:59.853   Successfully installed the file.
2023-01-03 14:54:59.853   -- File entry --
2023-01-03 14:54:59.853   Dest filename: C:\Users\Dream\Desktop\ApowerREC\Lang\German.xml
2023-01-03 14:54:59.853   Time stamp of our file: 2022-11-14 11:58:10.000
2023-01-03 14:54:59.853   Installing the file.
2023-01-03 14:54:59.868   Successfully installed the file.
2023-01-03 14:54:59.868   -- File entry --
2023-01-03 14:54:59.868   Dest filename: C:\Users\Dream\Desktop\ApowerREC\Lang\Greek.xml
2023-01-03 14:54:59.868   Time stamp of our file: 2022-11-14 11:58:10.000
2023-01-03 14:54:59.868   Installing the file.
2023-01-03 14:54:59.884   Successfully installed the file.
2023-01-03 14:54:59.884   -- File entry --
2023-01-03 14:54:59.884   Dest filename: C:\Users\Dream\Desktop\ApowerREC\Lang\Hungarian.xml
2023-01-03 14:54:59.884   Time stamp of our file: 2022-11-14 11:58:10.000
2023-01-03 14:54:59.884   Installing the file.
2023-01-03 14:54:59.884   Successfully installed the file.
2023-01-03 14:54:59.884   -- File entry --
2023-01-03 14:54:59.884   Dest filename: C:\Users\Dream\Desktop\ApowerREC\Lang\Indonesian.xml
2023-01-03 14:54:59.884   Time stamp of our file: 2022-11-14 11:58:10.000
2023-01-03 14:54:59.884   Installing the file.
2023-01-03 14:54:59.900   Successfully installed the file.
2023-01-03 14:54:59.900   -- File entry --
2023-01-03 14:54:59.900   Dest filename: C:\Users\Dream\Desktop\ApowerREC\Lang\Italian.xml
2023-01-03 14:54:59.900   Time stamp of our file: 2022-11-14 11:58:10.000
2023-01-03 14:54:59.900   Installing the file.
2023-01-03 14:54:59.900   Successfully installed the file.
2023-01-03 14:54:59.900   -- File entry --
2023-01-03 14:54:59.900   Dest filename: C:\Users\Dream\Desktop\ApowerREC\Lang\Japanese.xml
2023-01-03 14:54:59.900   Time stamp of our file: 2022-11-14 11:58:10.000
2023-01-03 14:54:59.900   Installing the file.
2023-01-03 14:54:59.915   Successfully installed the file.
2023-01-03 14:54:59.915   -- File entry --
2023-01-03 14:54:59.915   Dest filename: C:\Users\Dream\Desktop\ApowerREC\Lang\Korean.xml
2023-01-03 14:54:59.915   Time stamp of our file: 2022-11-14 11:58:10.000
2023-01-03 14:54:59.915   Installing the file.
2023-01-03 14:54:59.915   Successfully installed the file.
2023-01-03 14:54:59.915   -- File entry --
2023-01-03 14:54:59.915   Dest filename: C:\Users\Dream\Desktop\ApowerREC\Lang\Malay.xml
2023-01-03 14:54:59.915   Time stamp of our file: 2022-11-14 11:58:10.000
2023-01-03 14:54:59.915   Installing the file.
2023-01-03 14:54:59.931   Successfully installed the file.
2023-01-03 14:54:59.931   -- File entry --
2023-01-03 14:54:59.931   Dest filename: C:\Users\Dream\Desktop\ApowerREC\Lang\Norwegian.xml
2023-01-03 14:54:59.931   Time stamp of our file: 2022-11-14 11:58:10.000
2023-01-03 14:54:59.931   Installing the file.
2023-01-03 14:54:59.931   Successfully installed the file.
2023-01-03 14:54:59.931   -- File entry --
2023-01-03 14:54:59.931   Dest filename: C:\Users\Dream\Desktop\ApowerREC\Lang\Polish.xml
2023-01-03 14:54:59.931   Time stamp of our file: 2022-11-14 11:58:10.000
2023-01-03 14:54:59.931   Installing the file.
2023-01-03 14:54:59.947   Successfully installed the file.
2023-01-03 14:54:59.947   -- File entry --
2023-01-03 14:54:59.947   Dest filename: C:\Users\Dream\Desktop\ApowerREC\Lang\Portuguese.xml
2023-01-03 14:54:59.947   Time stamp of our file: 2022-11-14 11:58:10.000
2023-01-03 14:54:59.947   Installing the file.
2023-01-03 14:54:59.947   Successfully installed the file.
2023-01-03 14:54:59.947   -- File entry --
2023-01-03 14:54:59.947   Dest filename: C:\Users\Dream\Desktop\ApowerREC\Lang\PortugueseBrazil.xml
2023-01-03 14:54:59.947   Time stamp of our file: 2022-11-14 11:58:10.000
2023-01-03 14:54:59.947   Installing the file.
2023-01-03 14:54:59.947   Successfully installed the file.
2023-01-03 14:54:59.947   -- File entry --
2023-01-03 14:54:59.947   Dest filename: C:\Users\Dream\Desktop\ApowerREC\Lang\Russian.xml
2023-01-03 14:54:59.947   Time stamp of our file: 2022-11-14 11:58:10.000
2023-01-03 14:54:59.947   Installing the file.
2023-01-03 14:54:59.962   Successfully installed the file.
2023-01-03 14:54:59.962   -- File entry --
2023-01-03 14:54:59.962   Dest filename: C:\Users\Dream\Desktop\ApowerREC\Lang\Slovenian.xml
2023-01-03 14:54:59.962   Time stamp of our file: 2022-11-14 11:58:10.000
2023-01-03 14:54:59.962   Installing the file.
2023-01-03 14:54:59.962   Successfully installed the file.
2023-01-03 14:54:59.962   -- File entry --
2023-01-03 14:54:59.962   Dest filename: C:\Users\Dream\Desktop\ApowerREC\Lang\Spanish.xml
2023-01-03 14:54:59.962   Time stamp of our file: 2022-11-14 11:58:10.000
2023-01-03 14:54:59.962   Installing the file.
2023-01-03 14:54:59.978   Successfully installed the file.
2023-01-03 14:54:59.978   -- File entry --
2023-01-03 14:54:59.978   Dest filename: C:\Users\Dream\Desktop\ApowerREC\Lang\Swedish.xml
2023-01-03 14:54:59.978   Time stamp of our file: 2022-11-14 11:58:10.000
2023-01-03 14:54:59.978   Installing the file.
2023-01-03 14:54:59.978   Successfully installed the file.
2023-01-03 14:54:59.978   -- File entry --
2023-01-03 14:54:59.978   Dest filename: C:\Users\Dream\Desktop\ApowerREC\Lang\Turkish.xml
2023-01-03 14:54:59.978   Time stamp of our file: 2022-11-14 11:58:10.000
2023-01-03 14:54:59.978   Installing the file.
2023-01-03 14:54:59.993   Successfully installed the file.
2023-01-03 14:54:59.993   -- Icon entry --
2023-01-03 14:54:59.993   Dest filename: C:\ProgramData\Microsoft\Windows\Start Menu\Programs\Apowersoft\ApowerREC\ApowerREC.lnk
2023-01-03 14:54:59.993   Creating directory: C:\ProgramData\Microsoft\Windows\Start Menu\Programs\Apowersoft
2023-01-03 14:54:59.993   Creating directory: C:\ProgramData\Microsoft\Windows\Start Menu\Programs\Apowersoft\ApowerREC
2023-01-03 14:54:59.993   Creating the icon.
2023-01-03 14:55:00.056   Successfully created the icon.
2023-01-03 14:55:00.056   -- Icon entry --
2023-01-03 14:55:00.056   Dest filename: C:\ProgramData\Microsoft\Windows\Start Menu\Programs\Apowersoft\ApowerREC\ApowerREC on the Web.url
2023-01-03 14:55:00.056   Creating the icon.
2023-01-03 14:55:00.056   Successfully created the icon.
2023-01-03 14:55:00.056   -- Icon entry --
2023-01-03 14:55:00.056   Dest filename: C:\ProgramData\Microsoft\Windows\Start Menu\Programs\Apowersoft\ApowerREC\Uninstall ApowerREC.lnk
2023-01-03 14:55:00.056   Creating the icon.
2023-01-03 14:55:00.072   Successfully created the icon.
2023-01-03 14:55:00.072   -- Icon entry --
2023-01-03 14:55:00.072   Dest filename: C:\Users\Public\Desktop\ApowerREC.lnk
2023-01-03 14:55:00.072   Creating the icon.
2023-01-03 14:55:00.103   Successfully created the icon.
2023-01-03 14:55:00.134   -- INI entry --
2023-01-03 14:55:00.134   Dest filename: C:\Users\Dream\AppData\Roaming\Apowersoft\ApowerREC\config.ini 
2023-01-03 14:55:00.134   Section: Main
2023-01-03 14:55:00.134   Entry: Language
2023-01-03 14:55:00.134   Value: English
2023-01-03 14:55:00.134   Creating directory: C:\Users\Dream\AppData\Roaming\Apowersoft
2023-01-03 14:55:00.134   Creating directory: C:\Users\Dream\AppData\Roaming\Apowersoft\ApowerREC
2023-01-03 14:55:00.134   Updating the .INI file.
2023-01-03 14:55:00.134   Successfully updated the .INI file.
2023-01-03 14:55:00.134   -- INI entry --
2023-01-03 14:55:00.134   Dest filename: C:\Users\Dream\AppData\Roaming\Apowersoft\ApowerREC\config.ini
2023-01-03 14:55:00.134   Section: Main
2023-01-03 14:55:00.134   Entry: Version
2023-01-03 14:55:00.134   Value: V1.5.9.38 (Build 11/16/2022)
2023-01-03 14:55:00.134   Updating the .INI file.
2023-01-03 14:55:00.134   Successfully updated the .INI file.
2023-01-03 14:55:00.134   -- INI entry --
2023-01-03 14:55:00.134   Dest filename: C:\Users\Dream\AppData\Roaming\Apowersoft\ApowerREC\config.ini 
2023-01-03 14:55:00.134   Section: Main
2023-01-03 14:55:00.134   Entry: DetailedTrialTip
2023-01-03 14:55:00.134   Value: False
2023-01-03 14:55:00.134   Updating the .INI file.
2023-01-03 14:55:00.134   Successfully updated the .INI file.
2023-01-03 14:55:00.134   -- INI entry --
2023-01-03 14:55:00.134   Dest filename: C:\Users\Dream\AppData\Roaming\Apowersoft\ApowerREC\config.ini 
2023-01-03 14:55:00.134   Section: Main
2023-01-03 14:55:00.134   Entry: AppType
2023-01-03 14:55:00.134   Value: saas
2023-01-03 14:55:00.134   Updating the .INI file.
2023-01-03 14:55:00.134   Successfully updated the .INI file.
2023-01-03 14:55:00.134   -- INI entry --
2023-01-03 14:55:00.134   Dest filename: C:\Users\Dream\AppData\Roaming\Apowersoft\ApowerREC\config.ini 
2023-01-03 14:55:00.134   Section: Main
2023-01-03 14:55:00.134   Entry: PackageType
2023-01-03 14:55:00.134   Value: 0
2023-01-03 14:55:00.134   Updating the .INI file.
2023-01-03 14:55:00.134   Successfully updated the .INI file.
2023-01-03 14:55:00.134   -- INI entry --
2023-01-03 14:55:00.134   Dest filename: C:\Users\Dream\AppData\Roaming\Apowersoft\ApowerREC\config.ini 
2023-01-03 14:55:00.134   Section: Main
2023-01-03 14:55:00.134   Entry: Purchasetype
2023-01-03 14:55:00.134   Value: 1
2023-01-03 14:55:00.134   Updating the .INI file.
2023-01-03 14:55:00.150   Successfully updated the .INI file.
2023-01-03 14:55:00.150   -- INI entry --
2023-01-03 14:55:00.150   Dest filename: C:\Users\Dream\AppData\Roaming\Apowersoft\ApowerREC\config.ini 
2023-01-03 14:55:00.150   Section: Main
2023-01-03 14:55:00.150   Entry: CommonType
2023-01-03 14:55:00.150   Value: 1
2023-01-03 14:55:00.150   Updating the .INI file.
2023-01-03 14:55:00.150   Successfully updated the .INI file.
2023-01-03 14:55:00.150   -- Registry entry --
2023-01-03 14:55:00.150   Key: HKEY_CLASSES_ROOT\ApowerREC
2023-01-03 14:55:00.150   Creating or opening the key.
2023-01-03 14:55:00.150   Creating or setting the value.
2023-01-03 14:55:00.150   Successfully created or set the value.
2023-01-03 14:55:00.150   -- Registry entry --
2023-01-03 14:55:00.150   Key: HKEY_CLASSES_ROOT\ApowerREC
2023-01-03 14:55:00.150   Value name: URL Protocol
2023-01-03 14:55:00.150   Creating or opening the key.
2023-01-03 14:55:00.150   Creating or setting the value.
2023-01-03 14:55:00.150   Successfully created or set the value.
2023-01-03 14:55:00.150   -- Registry entry --
2023-01-03 14:55:00.150   Key: HKEY_CLASSES_ROOT\ApowerREC\shell\open\command
2023-01-03 14:55:00.150   Creating or opening the key.
2023-01-03 14:55:00.150   Creating or setting the value.
2023-01-03 14:55:00.150   Successfully created or set the value.
2023-01-03 14:55:00.150   -- Registry entry --
2023-01-03 14:55:00.150   Key: HKEY_LOCAL_MACHINE\SYSTEM\CurrentControlSet\Control\Lsa\FipsAlgorithmPolicy
2023-01-03 14:55:00.150   Value name: Enabled
2023-01-03 14:55:00.150   Creating or opening the key.
2023-01-03 14:55:00.150   Deleting the value.
2023-01-03 14:55:00.165   Creating or setting the value.
2023-01-03 14:55:00.165   Successfully created or set the value.
2023-01-03 14:55:00.165   -- Registry entry --
2023-01-03 14:55:00.165   Key: HKEY_LOCAL_MACHINE\SOFTWARE\Microsoft\Internet Explorer\Main\FeatureControl\FEATURE_BROWSER_EMULATION
2023-01-03 14:55:00.165   Value name: ApowerREC.exe
2023-01-03 14:55:00.165   Creating or opening the key.
2023-01-03 14:55:00.181   Creating or setting the value.
2023-01-03 14:55:00.181   Successfully created or set the value.
2023-01-03 14:55:00.181   -- Registry entry --
2023-01-03 14:55:00.181   Key: HKEY_LOCAL_MACHINE\SOFTWARE\Microsoft\Internet Explorer\Main\FeatureControl\FEATURE_BROWSER_EMULATION
2023-01-03 14:55:00.181   Value name: ApowerREC.exe
2023-01-03 14:55:00.181   Non-default bitness: 64-bit
2023-01-03 14:55:00.181   Creating or opening the key.
2023-01-03 14:55:00.181   Creating or setting the value.
2023-01-03 14:55:00.181   Successfully created or set the value.
2023-01-03 14:55:00.181   -- Registry entry --
2023-01-03 14:55:00.181   Key: HKEY_LOCAL_MACHINE\SYSTEM\CurrentControlSet\Control\Lsa\FipsAlgorithmPolicy
2023-01-03 14:55:00.181   Value name: Enabled
2023-01-03 14:55:00.181   Creating or opening the key.
2023-01-03 14:55:00.181   Successfully created the key.
2023-01-03 14:55:00.181   Saving uninstall information.
2023-01-03 14:55:00.181   Writing uninstaller messages: C:\Users\Dream\Desktop\ApowerREC\unins000.msg
2023-01-03 14:55:00.181   Creating new uninstall key: HKEY_LOCAL_MACHINE\Software\Microsoft\Windows\CurrentVersion\Uninstall\{6F2998B2-21F7-4CEF-94B2-C3919D939CF9}_is1
2023-01-03 14:55:00.181   Writing uninstall key values.
2023-01-03 14:55:00.181   Detected previous non administrative install? No
2023-01-03 14:55:00.181   Detected previous administrative 64-bit install? No
2023-01-03 14:55:00.462   Installation process succeeded.
2023-01-03 14:55:05.268   Need to restart Windows? No
